make all --print-data-base --no-builtin-variables --no-builtin-rules --question
# GNU Make 4.3
# Built for x86_64-pc-linux-gnu
# Copyright (C) 1988-2020 Free Software Foundation, Inc.
# License GPLv3+: GNU GPL version 3 or later <http://gnu.org/licenses/gpl.html>
# This is free software: you are free to change and redistribute it.
# There is NO WARRANTY, to the extent permitted by law.

# Make data base, printed on Thu Aug 18 18:45:38 2022

# Variables

# environment
GDK_BACKEND = x11
# makefile (from 'Makefile', line 8)
OBJFOLDER := obj/
# environment
LC_ALL = C
# environment
NO_AT_BRIDGE = 1
# environment
TERMINATOR_DBUS_NAME = net.tenshu.Terminator23558193cd9818af7fe4d2c2f5bd9d00f
# environment
GJS_DEBUG_OUTPUT = stderr
# environment
LC_NAME = de_DE.UTF-8
# environment
LC_NUMERIC = de_DE.UTF-8
# environment
VSCODE_CWD = /home/iuri/Desktop/semestre_10/FSE/FSE-2021.2
# environment
WINDOWPATH = 2
# environment
CLOUDSDK_ROOT_DIR = /opt/google-cloud-sdk
# environment
TERMINATOR_UUID = urn:uuid:2e3cfb27-33ce-448f-95d0-e7ce06729306
# environment
LC_ADDRESS = de_DE.UTF-8
# environment
GDM_LANG = en_US.UTF-8
# default
MAKE_COMMAND := make
# environment
GTK3_MODULES = xapp-gtk3-module
# automatic
@D = $(patsubst %/,%,$(dir $@))
# environment
VSCODE_HANDLES_UNCAUGHT_ERRORS = true
# default
.VARIABLES := 
# environment
PWD = /home/iuri/Desktop/semestre_10/FSE/FSE-2021.2/Exercicio1
# automatic
%D = $(patsubst %/,%,$(dir $%))
# environment
MAIL = /var/spool/mail/iuri
# environment
XDG_DATA_DIRS = /home/iuri/.local/share/flatpak/exports/share:/var/lib/flatpak/exports/share:/usr/local/share/:/usr/share/:/var/lib/snapd/desktop
# environment
OLDPWD = /home/iuri/Desktop/semestre_10/FSE/FSE-2021.2/Exercicio2
# automatic
^D = $(patsubst %/,%,$(dir $^))
# automatic
%F = $(notdir $%)
# environment
VSCODE_CODE_CACHE_PATH = /home/iuri/.config/Code/CachedData/da76f93349a72022ca4670c1b84860304616aaa2
# environment
LANG = C
# environment
XAUTHORITY = /run/user/1002/gdm/Xauthority
# default
.LOADED := 
# default
.INCLUDE_DIRS = /usr/include /usr/local/include /usr/include
# makefile
MAKEFLAGS = pqrR
# environment
TERMINATOR_DBUS_PATH = /net/tenshu/Terminator2
# makefile
CURDIR := /home/iuri/Desktop/semestre_10/FSE/FSE-2021.2/Exercicio1
# environment
APPLICATION_INSIGHTS_NO_DIAGNOSTIC_CHANNEL = 1
# automatic
*D = $(patsubst %/,%,$(dir $*))
# environment
MFLAGS = -pqrR
# environment
SSH_AUTH_SOCK = /run/user/1002/keyring/ssh
# default
.SHELLFLAGS := -c
# environment
CLOUDSDK_PYTHON = /usr/bin/python
# automatic
+D = $(patsubst %/,%,$(dir $+))
# makefile (from 'Makefile', line 6)
SRCFOLDER := src/
# environment
XDG_SESSION_DESKTOP = gnome
# makefile (from 'Makefile', line 1)
MAKEFILE_LIST := Makefile
# automatic
@F = $(notdir $@)
# environment
VSCODE_PID = 3519
# environment
XDG_SESSION_TYPE = x11
# automatic
?D = $(patsubst %/,%,$(dir $?))
# makefile (from 'Makefile', line 15)
SRCFILES := src/main.cpp
# environment
SESSION_MANAGER = local/lucas-tkp:@/tmp/.ICE-unix/1754,unix/lucas-tkp:/tmp/.ICE-unix/1754
# automatic
*F = $(notdir $*)
# environment
IBUS_DISABLE_SNOOPER = 1
# environment
QT_QPA_PLATFORMTHEME = gnome
# environment
CHROME_DESKTOP = code-url-handler.desktop
# environment
DBUS_SESSION_BUS_ADDRESS = unix:path=/run/user/1002/bus
# automatic
<D = $(patsubst %/,%,$(dir $<))
# environment
VSCODE_NLS_CONFIG = {"locale":"en-us","availableLanguages":{},"_languagePackSupport":true}
# makefile (from 'Makefile', line 4)
INCFOLDER := inc/
# default
MAKE_HOST := x86_64-pc-linux-gnu
# makefile
SHELL = /bin/sh
# default
MAKECMDGOALS := all
# environment
XMODIFIERS = @im=ibus
# environment
GJS_DEBUG_TOPICS = JS ERROR;JS LOG
# environment
SHLVL = 2
# environment
GOOGLE_CLOUD_SDK_HOME = /opt/google-cloud-sdk
# environment
MAKELEVEL := 0
# default
MAKE = $(MAKE_COMMAND)
# environment
PATH = /home/iuri/.local/bin:/opt/google-cloud-sdk/bin:/usr/local/bin:/usr/bin:/var/lib/snapd/snap/bin:/usr/local/sbin:/usr/lib/jvm/default/bin:/usr/bin/site_perl:/usr/bin/vendor_perl:/usr/bin/core_perl:/home/iuri/.local/share/gem/ruby/3.0.0/bin
# default
MAKEFILES := 
# environment
LC_MONETARY = de_DE.UTF-8
# environment
MOTD_SHOWN = pam
# automatic
^F = $(notdir $^)
# environment
LC_TIME = de_DE.UTF-8
# environment
INVOCATION_ID = c2f14e5cd08b4c3cb979897b7fbd94b6
# environment
USERNAME = iuri
# environment
LC_TELEPHONE = de_DE.UTF-8
# automatic
?F = $(notdir $?)
# environment
XDG_CURRENT_DESKTOP = GNOME
# environment
LS_COLORS = rs=0:di=01;34:ln=01;36:mh=00:pi=40;33:so=01;35:do=01;35:bd=40;33;01:cd=40;33;01:or=01;05;37;41:mi=01;05;37;41:su=37;41:sg=30;43:ca=30;41:tw=30;42:ow=34;42:st=37;44:ex=01;32:*.tar=01;31:*.tgz=01;31:*.arc=01;31:*.arj=01;31:*.taz=01;31:*.lha=01;31:*.lz4=01;31:*.lzh=01;31:*.lzma=01;31:*.tlz=01;31:*.txz=01;31:*.tzo=01;31:*.t7z=01;31:*.zip=01;31:*.z=01;31:*.Z=01;31:*.dz=01;31:*.gz=01;31:*.lrz=01;31:*.lz=01;31:*.lzo=01;31:*.xz=01;31:*.bz2=01;31:*.bz=01;31:*.tbz=01;31:*.tbz2=01;31:*.tz=01;31:*.deb=01;31:*.rpm=01;31:*.jar=01;31:*.war=01;31:*.ear=01;31:*.sar=01;31:*.rar=01;31:*.alz=01;31:*.ace=01;31:*.zoo=01;31:*.cpio=01;31:*.7z=01;31:*.rz=01;31:*.cab=01;31:*.jpg=01;35:*.jpeg=01;35:*.gif=01;35:*.bmp=01;35:*.pbm=01;35:*.pgm=01;35:*.ppm=01;35:*.tga=01;35:*.xbm=01;35:*.xpm=01;35:*.tif=01;35:*.tiff=01;35:*.png=01;35:*.svg=01;35:*.svgz=01;35:*.mng=01;35:*.pcx=01;35:*.mov=01;35:*.mpg=01;35:*.mpeg=01;35:*.m2v=01;35:*.mkv=01;35:*.webm=01;35:*.ogm=01;35:*.mp4=01;35:*.m4v=01;35:*.mp4v=01;35:*.vob=01;35:*.qt=01;35:*.nuv=01;35:*.wmv=01;35:*.asf=01;35:*.rm=01;35:*.rmvb=01;35:*.flc=01;35:*.avi=01;35:*.fli=01;35:*.flv=01;35:*.gl=01;35:*.dl=01;35:*.xcf=01;35:*.xwd=01;35:*.yuv=01;35:*.cgm=01;35:*.emf=01;35:*.axv=01;35:*.anx=01;35:*.ogv=01;35:*.ogx=01;35:*.pdf=00;32:*.ps=00;32:*.txt=00;32:*.patch=00;32:*.diff=00;32:*.log=00;32:*.tex=00;32:*.doc=00;32:*.aac=00;36:*.au=00;36:*.flac=00;36:*.m4a=00;36:*.mid=00;36:*.midi=00;36:*.mka=00;36:*.mp3=00;36:*.mpc=00;36:*.ogg=00;36:*.ra=00;36:*.wav=00;36:*.axa=00;36:*.oga=00;36:*.spx=00;36:*.xspf=00;36:
# automatic
+F = $(notdir $+)
# environment
DESKTOP_SESSION = gnome
# environment
ORIGINAL_XDG_CURRENT_DESKTOP = GNOME
# makefile (from 'Makefile', line 2)
BINFOLDER := bin/
# 'override' directive
GNUMAKEFLAGS := 
# environment
LOGNAME = iuri
# environment
GIO_LAUNCHED_DESKTOP_FILE = /usr/share/applications/terminator.desktop
# makefile
.DEFAULT_GOAL := all
# environment
SYSTEMD_EXEC_PID = 1770
# environment
EDITOR = /usr/bin/nano
# environment
DISPLAY = :1
# environment
USER = iuri
# default
MAKE_VERSION := 4.3
# environment
MANAGERPID = 1657
# environment
LC_MEASUREMENT = de_DE.UTF-8
# environment
GIO_LAUNCHED_DESKTOP_FILE_PID = 3467
# environment
QT_STYLE_OVERRIDE = kvantum
# environment
_ = /usr/bin/make
# environment
LC_PAPER = de_DE.UTF-8
# environment
GEM_HOME = /home/iuri/.local/share/gem/ruby/3.0.0
# environment
XDG_RUNTIME_DIR = /run/user/1002
# makefile (from 'Makefile', line 12)
CFLAGS := -W -Wall -ansi -pedantic -std=c++11
# environment
COLORTERM = truecolor
# environment
JOURNAL_STREAM = 8:25233
# environment
XDG_SESSION_CLASS = user
# environment
VSCODE_AMD_ENTRYPOINT = vs/workbench/api/node/extensionHostProcess
# environment
HOME = /home/iuri
# environment
QT_IM_MODULE = ibus
# environment
CLOUDSDK_PYTHON_ARGS = -S
# environment
ELECTRON_RUN_AS_NODE = 1
# environment
VSCODE_IPC_HOOK = /run/user/1002/vscode-74a49148-1.70.0-main.sock
# environment
TERM = xterm-256color
# default
.RECIPEPREFIX := 
# automatic
<F = $(notdir $<)
# default
SUFFIXES := 
# environment
QT_AUTO_SCREEN_SCALE_FACTOR = 1
# environment
VSCODE_CLI = 1
# environment
ELECTRON_NO_ATTACH_CONSOLE = 1
# environment
VTE_VERSION = 6800
# default
.FEATURES := target-specific order-only second-expansion else-if shortest-stem undefine oneshell nocomment grouped-target extra-prereqs archives jobserver output-sync check-symlink guile load
# makefile (from 'Makefile', line 10)
CC := g++
# environment
XDG_MENU_PREFIX = gnome-
# environment
GDMSESSION = gnome
# environment
LC_IDENTIFICATION = de_DE.UTF-8
# variable set hash-table stats:
# Load=123/1024=12%, Rehash=0, Collisions=7/159=4%

# Pattern-specific Variable Values

# No pattern-specific variable values.

# Directories

# src (device 2050, inode 17829169): 3 files, no impossibilities.
# . (device 2050, inode 17829161): 8 files, no impossibilities.

# 11 files, no impossibilities in 2 directories.

# Implicit Rules

obj/%.o: src/%.cpp
#  recipe to execute (from 'Makefile', line 23):
	$(CC) $(CFLAGS) -c $< -o $@ -I./inc

# 1 implicit rules, 0 (0.0%) terminal.
# Files

# Not a target:
obj/main.o:
#  Implicit rule search has not been done.
#  Modification time never checked.
#  File has not been updated.

# Not a target:
Makefile:
#  Implicit rule search has been done.
 
#  Last modified 2022-08-16 15:19:53.237696329
#  File has been updated.
#  Successfully updated.

clean:
#  Phony target (prerequisite of .PHONY).
#  Implicit rule search has not been done.
#  File does not exist.
#  File has not been updated.
#  recipe to execute (from 'Makefile', line 32):
	rm -rf obj/*
	rm -rf bin/*

create_folders:
#  Implicit rule search has not been done.
#  Implicit/static pattern stem: ''
#  File does not exist.
#  File has been updated.
#  Needs to be updated (-q is set).
# automatic
# @ := create_folders
# automatic
# * := 
# automatic
# < := 
# automatic
# + := 
# automatic
# % := 
# automatic
# ^ := 
# automatic
# ? := 
# automatic
# | := 
# variable set hash-table stats:
# Load=8/32=25%, Rehash=0, Collisions=1/13=8%
#  recipe to execute (from 'Makefile', line 26):
	@mkdir -p $(OBJFOLDER) $(BINFOLDER)

# Not a target:
bin/prog:
#  Implicit rule search has not been done.
#  Modification time never checked.
#  File has not been updated.

# Not a target:
.DEFAULT:
#  Implicit rule search has not been done.
#  Modification time never checked.
#  File has not been updated.

all: create_folders obj/main.o
#  Command line target.
#  Implicit rule search has not been done.
#  File does not exist.
#  File has been updated.
#  Needs to be updated (-q is set).
# variable set hash-table stats:
# Load=0/32=0%, Rehash=0, Collisions=0/5=0%
#  recipe to execute (from 'Makefile', line 19):
	$(CC) $(CFLAGS) obj/*.o -o bin/prog

run: bin/prog
#  Implicit rule search has not been done.
#  Modification time never checked.
#  File has not been updated.
#  recipe to execute (from 'Makefile', line 28):
	bin/prog

# Not a target:
.SUFFIXES:
#  Implicit rule search has not been done.
#  Modification time never checked.
#  File has not been updated.

.PHONY: clean
#  Implicit rule search has not been done.
#  Modification time never checked.
#  File has not been updated.

# files hash-table stats:
# Load=10/1024=1%, Rehash=0, Collisions=0/28=0%
# VPATH Search Paths

# No 'vpath' search paths.

# No general ('VPATH' variable) search path.

# strcache buffers: 1 (0) / strings = 22 / storage = 172 B / avg = 7 B
# current buf: size = 8162 B / used = 172 B / count = 22 / avg = 7 B

# strcache performance: lookups = 38 / hit rate = 42%
# hash-table stats:
# Load=22/8192=0%, Rehash=0, Collisions=0/38=0%
# Finished Make data base on Thu Aug 18 18:45:38 2022

 
